<?xml version="1.0" encoding="UTF-8"?>
<testsuite name="org.kaaproject.kaa.server.common.CassandraTestSuite" time="16.833" tests="222" errors="0" skipped="1" failures="0">
  <properties>
[...]
</properties>
  <testcase name="testFindAppsByTenantId" classname="org.kaaproject.kaa.server.common.dao.service.CassandraApplicationServiceImplTest" time="0.301"/>
  <testcase name="testRemoveAppsByTenantId" classname="org.kaaproject.kaa.server.common.dao.service.CassandraApplicationServiceImplTest" time="0.791"/>
  <testcase name="findAppByIdTest" classname="org.kaaproject.kaa.server.common.dao.service.CassandraApplicationServiceImplTest" time="0.098"/>
  <testcase name="removeAppByIdTest" classname="org.kaaproject.kaa.server.common.dao.service.CassandraApplicationServiceImplTest" time="0.052"/>
  <testcase name="saveAppTest" classname="org.kaaproject.kaa.server.common.dao.service.CassandraApplicationServiceImplTest" time="0.045"/>
  <testcase name="findAppsByTenantIdTest" classname="org.kaaproject.kaa.server.common.dao.service.CassandraApplicationServiceImplTest" time="0.042"/>
  <testcase name="findAppByApplicationTokenTest" classname="org.kaaproject.kaa.server.common.dao.service.CassandraApplicationServiceImplTest" time="0.047"/>
  <testcase name="validateConfigurationWithoutGroupIdTest" classname="org.kaaproject.kaa.server.common.dao.service.CassandraConfigurationServiceImplTest" time="0.021"/>
  <testcase name="deactivateInactiveConfigurationTest" classname="org.kaaproject.kaa.server.common.dao.service.CassandraConfigurationServiceImplTest" time="0.128"/>
  <testcase name="findConfigurationByIdTestFail" classname="org.kaaproject.kaa.server.common.dao.service.CassandraConfigurationServiceImplTest" time="0.007"/>
  <testcase name="findLatestConfigurationByAppIdTest" classname="org.kaaproject.kaa.server.common.dao.service.CassandraConfigurationServiceImplTest" time="0.084"/>
  <testcase name="findConfSchemaByIdTest" classname="org.kaaproject.kaa.server.common.dao.service.CassandraConfigurationServiceImplTest" time="0.081"/>
  <testcase name="findConfSchemaByIdTestFail" classname="org.kaaproject.kaa.server.common.dao.service.CassandraConfigurationServiceImplTest" time="0.004"/>
  <testcase name="saveConfigurationWithIncorrectIdTestFail" classname="org.kaaproject.kaa.server.common.dao.service.CassandraConfigurationServiceImplTest" time="0.005"/>
  <testcase name="saveConfigurationObjectWithoutIdTest" classname="org.kaaproject.kaa.server.common.dao.service.CassandraConfigurationServiceImplTest" time="0.082"/>
  <testcase name="findVacantSchemasByEndpointGroupIdTest" classname="org.kaaproject.kaa.server.common.dao.service.CassandraConfigurationServiceImplTest" time="0.177"/>
  <testcase name="createApplicationTest" classname="org.kaaproject.kaa.server.common.dao.service.CassandraConfigurationServiceImplTest" time="0.049"/>
  <testcase name="findAllConfigurationRecordsByEndpointGroupIdTest" classname="org.kaaproject.kaa.server.common.dao.service.CassandraConfigurationServiceImplTest" time="0.096"/>
  <testcase name="saveConfigurationObjectWithoutInactiveConfigurationTest" classname="org.kaaproject.kaa.server.common.dao.service.CassandraConfigurationServiceImplTest" time="0.107"/>
  <testcase name="deleteConfigurationRecordTest" classname="org.kaaproject.kaa.server.common.dao.service.CassandraConfigurationServiceImplTest" time="0.128"/>
  <testcase name="deactivateConfigurationTest" classname="org.kaaproject.kaa.server.common.dao.service.CassandraConfigurationServiceImplTest" time="0.07"/>
  <testcase name="findConfigurationRecordBySchemaIdAndEndpointGroupIdTest" classname="org.kaaproject.kaa.server.common.dao.service.CassandraConfigurationServiceImplTest" time="0.078"/>
  <testcase name="saveConfSchemaTest" classname="org.kaaproject.kaa.server.common.dao.service.CassandraConfigurationServiceImplTest" time="0.069"/>
  <testcase name="findConfSchemaByAppIdAndVersionTest" classname="org.kaaproject.kaa.server.common.dao.service.CassandraConfigurationServiceImplTest" time="0.033"/>
  <testcase name="findConfigurationsByEndpointGroupIdTest" classname="org.kaaproject.kaa.server.common.dao.service.CassandraConfigurationServiceImplTest" time="0.083"/>
  <testcase name="activateConfigurationTestFail" classname="org.kaaproject.kaa.server.common.dao.service.CassandraConfigurationServiceImplTest" time="0.064"/>
  <testcase name="createDefaultSchemaTest" classname="org.kaaproject.kaa.server.common.dao.service.CassandraConfigurationServiceImplTest" time="0.056"/>
  <testcase name="validateConfigurationWithoutSchemaIdTest" classname="org.kaaproject.kaa.server.common.dao.service.CassandraConfigurationServiceImplTest" time="0.004"/>
  <testcase name="saveConfigurationObjectWithIdTest" classname="org.kaaproject.kaa.server.common.dao.service.CassandraConfigurationServiceImplTest" time="0.069"/>
  <testcase name="findConfigurationSchemaVersionsByAppIdTest" classname="org.kaaproject.kaa.server.common.dao.service.CassandraConfigurationServiceImplTest" time="0.052"/>
  <testcase name="saveConfigurationWithIncorrectStatusTestFail" classname="org.kaaproject.kaa.server.common.dao.service.CassandraConfigurationServiceImplTest" time="0.06"/>
  <testcase name="removeConfSchemasByAppIdTest" classname="org.kaaproject.kaa.server.common.dao.service.CassandraConfigurationServiceImplTest" time="0.03"/>
  <testcase name="editConfigurationObjectTest" classname="org.kaaproject.kaa.server.common.dao.service.CassandraConfigurationServiceImplTest" time="0.045"/>
  <testcase name="findLatestConfigurationByAppIdTestFail" classname="org.kaaproject.kaa.server.common.dao.service.CassandraConfigurationServiceImplTest" time="0.003"/>
  <testcase name="findConfigurationByIdTest" classname="org.kaaproject.kaa.server.common.dao.service.CassandraConfigurationServiceImplTest" time="0.044"/>
  <testcase name="deactivateIncorrectConfigurationTest" classname="org.kaaproject.kaa.server.common.dao.service.CassandraConfigurationServiceImplTest" time="0.002"/>
  <testcase name="activateConfiguration" classname="org.kaaproject.kaa.server.common.dao.service.CassandraConfigurationServiceImplTest" time="0.047"/>
  <testcase name="createSchemaTest" classname="org.kaaproject.kaa.server.common.dao.service.CassandraConfigurationServiceImplTest" time="0.006"/>
  <testcase name="saveConfigurationObjectWithIncorrectSchemaIdTest" classname="org.kaaproject.kaa.server.common.dao.service.CassandraConfigurationServiceImplTest" time="0.047"/>
  <testcase name="findConfigurationByEndpointGroupIdAndVersionTest" classname="org.kaaproject.kaa.server.common.dao.service.CassandraConfigurationServiceImplTest" time="0.071"/>
  <testcase name="findDefaultConfigurationBySchemaIdTest" classname="org.kaaproject.kaa.server.common.dao.service.CassandraConfigurationServiceImplTest" time="0.037"/>
  <testcase name="activateConfigurationWithIncorrectIdTestFail" classname="org.kaaproject.kaa.server.common.dao.service.CassandraConfigurationServiceImplTest" time="0.002"/>
  <testcase name="testFlatExport" classname="org.kaaproject.kaa.server.common.dao.service.CassandraCtlSchemaServiceImplTest" time="0.157"/>
  <testcase name="testRemoveCTLSchemaByFqnAndVerAndTenantIdAndApplicationId" classname="org.kaaproject.kaa.server.common.dao.service.CassandraCtlSchemaServiceImplTest" time="0.09"/>
  <testcase name="testShallowExport" classname="org.kaaproject.kaa.server.common.dao.service.CassandraCtlSchemaServiceImplTest" time="0.095"/>
  <testcase name="testFindLatestCTLSchemaByFqn" classname="org.kaaproject.kaa.server.common.dao.service.CassandraCtlSchemaServiceImplTest" time="0.094"/>
  <testcase name="testFindCTLSchemaDependentsByFqnVersionTenantId" classname="org.kaaproject.kaa.server.common.dao.service.CassandraCtlSchemaServiceImplTest" time="0.099"/>
  <testcase name="testFindSystemCTLSchemas" classname="org.kaaproject.kaa.server.common.dao.service.CassandraCtlSchemaServiceImplTest" time="0.094"/>
  <testcase name="testScopeUpdateForbidden" classname="org.kaaproject.kaa.server.common.dao.service.CassandraCtlSchemaServiceImplTest" time="0.099"/>
  <testcase name="multiThreadCTLSchemaSaveTest" classname="org.kaaproject.kaa.server.common.dao.service.CassandraCtlSchemaServiceImplTest" time="0.341"/>
  <testcase name="testRemoveCTLSchemaByFqnAndVerAndWithoutTenantId" classname="org.kaaproject.kaa.server.common.dao.service.CassandraCtlSchemaServiceImplTest" time="0.088"/>
  <testcase name="testFindSiblingsFqns" classname="org.kaaproject.kaa.server.common.dao.service.CassandraCtlSchemaServiceImplTest" time="0.089"/>
  <testcase name="testFindSystemCTLSchemasMetaInfo" classname="org.kaaproject.kaa.server.common.dao.service.CassandraCtlSchemaServiceImplTest" time="0.1"/>
  <testcase name="testScopeUpdate" classname="org.kaaproject.kaa.server.common.dao.service.CassandraCtlSchemaServiceImplTest" time="0.108"/>
  <testcase name="testFindCTLSchemaByFqnAndVerAndTenantIdAndApplicationId" classname="org.kaaproject.kaa.server.common.dao.service.CassandraCtlSchemaServiceImplTest" time="0.094"/>
  <testcase name="testFindCTLSchemaById" classname="org.kaaproject.kaa.server.common.dao.service.CassandraCtlSchemaServiceImplTest" time="0.092"/>
  <testcase name="findEndpointProfileByEndpointGroupIdTest" classname="org.kaaproject.kaa.server.common.dao.service.CassandraEndpointServiceImplTest" time="0.614"/>
  <testcase name="findEndpointGroupsByAppIdTest" classname="org.kaaproject.kaa.server.common.dao.service.CassandraEndpointServiceImplTest" time="0.016"/>
  <testcase name="findEndpointProfileByKeyHashTest" classname="org.kaaproject.kaa.server.common.dao.service.CassandraEndpointServiceImplTest" time="0.045"/>
  <testcase name="removeEndpointGroupByIdTest" classname="org.kaaproject.kaa.server.common.dao.service.CassandraEndpointServiceImplTest" time="0"/>
  <testcase name="saveEndpointGroupWithExistingNameTest" classname="org.kaaproject.kaa.server.common.dao.service.CassandraEndpointServiceImplTest" time="0.02"/>
  <testcase name="findTopicListEntryByHashTest" classname="org.kaaproject.kaa.server.common.dao.service.CassandraEndpointServiceImplTest" time="0.037"/>
  <testcase name="findEndpointProfileBodyByKeyHashTest" classname="org.kaaproject.kaa.server.common.dao.service.CassandraEndpointServiceImplTest" time="0.045"/>
  <testcase name="generateEndpointUserAccessTokenTest" classname="org.kaaproject.kaa.server.common.dao.service.CassandraEndpointServiceImplTest" time="0.039"/>
  <testcase name="saveEndpointUserTest" classname="org.kaaproject.kaa.server.common.dao.service.CassandraEndpointServiceImplTest" time="0.028"/>
  <testcase name="saveEndpointGroupWithSameNameTest" classname="org.kaaproject.kaa.server.common.dao.service.CassandraEndpointServiceImplTest" time="0.02"/>
  <testcase name="attachEndpointToUserTest" classname="org.kaaproject.kaa.server.common.dao.service.CassandraEndpointServiceImplTest" time="0.213"/>
  <testcase name="createDuplicateProfileTest" classname="org.kaaproject.kaa.server.common.dao.service.CassandraEndpointServiceImplTest" time="0.054"/>
  <testcase name="invalidUpdateEndpointGroupTest" classname="org.kaaproject.kaa.server.common.dao.service.CassandraEndpointServiceImplTest" time="0.017"/>
  <testcase name="findEndpointGroupByIdTest" classname="org.kaaproject.kaa.server.common.dao.service.CassandraEndpointServiceImplTest" time="0.019"/>
  <testcase name="removeEndpointGroupByAppIdTest" classname="org.kaaproject.kaa.server.common.dao.service.CassandraEndpointServiceImplTest" time="0.015"/>
  <testcase name="removeEndpointUserByIdTest" classname="org.kaaproject.kaa.server.common.dao.service.CassandraEndpointServiceImplTest" time="0.032"/>
  <testcase name="findEndpointProfileBodyByEndpointGroupIdTest" classname="org.kaaproject.kaa.server.common.dao.service.CassandraEndpointServiceImplTest" time="0.062"/>
  <testcase name="saveEndpointGroupWithSameWeightTest" classname="org.kaaproject.kaa.server.common.dao.service.CassandraEndpointServiceImplTest" time="0.017"/>
  <testcase name="saveEndpointGroupWithExistingWeightTest" classname="org.kaaproject.kaa.server.common.dao.service.CassandraEndpointServiceImplTest" time="0.013"/>
  <testcase name="findEndpointProfilesByExternalUserIdTest" classname="org.kaaproject.kaa.server.common.dao.service.CassandraEndpointServiceImplTest" time="0.272"/>
  <testcase name="findEndpointUserByIdTest" classname="org.kaaproject.kaa.server.common.dao.service.CassandraEndpointServiceImplTest" time="0.02"/>
  <testcase name="multiThreadAttachDetachEndpointToUserTest" classname="org.kaaproject.kaa.server.common.dao.service.CassandraEndpointServiceImplTest" time="2.416"/>
  <testcase name="findAllEndpointUsersTest" classname="org.kaaproject.kaa.server.common.dao.service.CassandraEndpointServiceImplTest" time="0.048"/>
  <testcase name="findHistoriesByAppIdTest" classname="org.kaaproject.kaa.server.common.dao.service.CassandraHistoryServiceImplTest" time="0.034"/>
  <testcase name="findHistoriesBySeqNumberStartTest" classname="org.kaaproject.kaa.server.common.dao.service.CassandraHistoryServiceImplTest" time="0.032"/>
  <testcase name="findHistoryBySeqNumberTest" classname="org.kaaproject.kaa.server.common.dao.service.CassandraHistoryServiceImplTest" time="0.027"/>
  <testcase name="findHistoriesBySeqNumberRangeTest" classname="org.kaaproject.kaa.server.common.dao.service.CassandraHistoryServiceImplTest" time="0.029"/>
  <testcase name="findAllAppendersByAppIdTest" classname="org.kaaproject.kaa.server.common.dao.service.CassandraLogAppenderServiceImplTest" time="0.069"/>
  <testcase name="removeLogAppenderByIdTest" classname="org.kaaproject.kaa.server.common.dao.service.CassandraLogAppenderServiceImplTest" time="0.027"/>
  <testcase name="findLogAppenderByIdTest" classname="org.kaaproject.kaa.server.common.dao.service.CassandraLogAppenderServiceImplTest" time="0.03"/>
  <testcase name="removeLogSchemasByAppIdTest" classname="org.kaaproject.kaa.server.common.dao.service.CassandraLogSchemaServiceImplTest" time="0.036"/>
  <testcase name="findLogSchemaByIdTest" classname="org.kaaproject.kaa.server.common.dao.service.CassandraLogSchemaServiceImplTest" time="0.022"/>
  <testcase name="removeLogSchemaByIdTest" classname="org.kaaproject.kaa.server.common.dao.service.CassandraLogSchemaServiceImplTest" time="0.023"/>
  <testcase name="findLogSchemaVersionsByApplicationIdTest" classname="org.kaaproject.kaa.server.common.dao.service.CassandraLogSchemaServiceImplTest" time="0.021"/>
  <testcase name="updateExistingProfileSchemaTest" classname="org.kaaproject.kaa.server.common.dao.service.CassandraProfileServiceImplTest" time="0.028"/>
  <testcase name="findProfileSchemasByAppIdTest" classname="org.kaaproject.kaa.server.common.dao.service.CassandraProfileServiceImplTest" time="0.02"/>
  <testcase name="findProfileSchemaByIdTest" classname="org.kaaproject.kaa.server.common.dao.service.CassandraProfileServiceImplTest" time="0.021"/>
  <testcase name="saveProfileSchemaTest" classname="org.kaaproject.kaa.server.common.dao.service.CassandraProfileServiceImplTest" time="0.026"/>
  <testcase name="updateExistingProfileSchemaWithIncorrectIdTest" classname="org.kaaproject.kaa.server.common.dao.service.CassandraProfileServiceImplTest" time="0.021"/>
  <testcase name="saveFilterObjectWithIdTest" classname="org.kaaproject.kaa.server.common.dao.service.CassandraProfileServiceImplTest" time="0.039"/>
  <testcase name="removeProfileSchemasByAppIdTest" classname="org.kaaproject.kaa.server.common.dao.service.CassandraProfileServiceImplTest" time="0.023"/>
  <testcase name="saveFilterWithIncorrectStatusTestFail" classname="org.kaaproject.kaa.server.common.dao.service.CassandraProfileServiceImplTest" time="0.031"/>
  <testcase name="findProfileFilterByIdTest" classname="org.kaaproject.kaa.server.common.dao.service.CassandraProfileServiceImplTest" time="0.037"/>
  <testcase name="saveProfileFilterWithIncorrectSchemaIdTest" classname="org.kaaproject.kaa.server.common.dao.service.CassandraProfileServiceImplTest" time="0.019"/>
  <testcase name="saveFilterObjectWithIncorrectSchemaIdTest" classname="org.kaaproject.kaa.server.common.dao.service.CassandraProfileServiceImplTest" time="0.035"/>
  <testcase name="findProfileFilterByAppIdAndVersionTest" classname="org.kaaproject.kaa.server.common.dao.service.CassandraProfileServiceImplTest" time="0.037"/>
  <testcase name="updateDefaultProfileFilter" classname="org.kaaproject.kaa.server.common.dao.service.CassandraProfileServiceImplTest" time="0.025"/>
  <testcase name="validateFilterNullDtoTest" classname="org.kaaproject.kaa.server.common.dao.service.CassandraProfileServiceImplTest" time="0.001"/>
  <testcase name="invalidProfileFilterDeactivationTest" classname="org.kaaproject.kaa.server.common.dao.service.CassandraProfileServiceImplTest" time="0.006"/>
  <testcase name="validateFilterBlankEndpointGroupIdTest" classname="org.kaaproject.kaa.server.common.dao.service.CassandraProfileServiceImplTest" time="0.002"/>
  <testcase name="saveProfileFilterWithIncorrectGroupIdTest" classname="org.kaaproject.kaa.server.common.dao.service.CassandraProfileServiceImplTest" time="0.025"/>
  <testcase name="saveFilterObjectWithoutInactiveFilterTest" classname="org.kaaproject.kaa.server.common.dao.service.CassandraProfileServiceImplTest" time="0.048"/>
  <testcase name="saveFiltersWithDiferentGroupsTest" classname="org.kaaproject.kaa.server.common.dao.service.CassandraProfileServiceImplTest" time="0.05"/>
  <testcase name="findProfileSchemaVersionsByAppIdTest" classname="org.kaaproject.kaa.server.common.dao.service.CassandraProfileServiceImplTest" time="0.019"/>
  <testcase name="removeProfileSchemaByIdTest" classname="org.kaaproject.kaa.server.common.dao.service.CassandraProfileServiceImplTest" time="0.025"/>
  <testcase name="activateProfileFilterTest" classname="org.kaaproject.kaa.server.common.dao.service.CassandraProfileServiceImplTest" time="0.034"/>
  <testcase name="saveFilterObjectWithoutIdTest" classname="org.kaaproject.kaa.server.common.dao.service.CassandraProfileServiceImplTest" time="0.031"/>
  <testcase name="findAllProfileFilterRecordsByEndpointGroupIdTest" classname="org.kaaproject.kaa.server.common.dao.service.CassandraProfileServiceImplTest" time="0.049"/>
  <testcase name="findProfileSchemaByAppIdAndVersionTest" classname="org.kaaproject.kaa.server.common.dao.service.CassandraProfileServiceImplTest" time="0.023"/>
  <testcase name="validateFilterBlankSchemaIdTest" classname="org.kaaproject.kaa.server.common.dao.service.CassandraProfileServiceImplTest" time="0.003"/>
  <testcase name="saveFilterWithIncorrectIdTestFail" classname="org.kaaproject.kaa.server.common.dao.service.CassandraProfileServiceImplTest" time="0.002"/>
  <testcase name="deactivateProfileFilterTest" classname="org.kaaproject.kaa.server.common.dao.service.CassandraProfileServiceImplTest" time="0.039"/>
  <testcase name="activateProfileFilterActiveStatusTest" classname="org.kaaproject.kaa.server.common.dao.service.CassandraProfileServiceImplTest" time="0.03"/>
  <testcase name="invalidProfileFilterActivationTest" classname="org.kaaproject.kaa.server.common.dao.service.CassandraProfileServiceImplTest" time="0.003"/>
  <testcase name="activateProfileFilterNoProfileFilterTest" classname="org.kaaproject.kaa.server.common.dao.service.CassandraProfileServiceImplTest" time="0.002"/>
  <testcase name="findProfileSchemaByAppIdTest" classname="org.kaaproject.kaa.server.common.dao.service.CassandraProfileServiceImplTest" time="0.017"/>
  <testcase name="saveMoreFiltersTest" classname="org.kaaproject.kaa.server.common.dao.service.CassandraProfileServiceImplTest" time="0.076"/>
  <testcase name="testSaveServerProfileSchema" classname="org.kaaproject.kaa.server.common.dao.service.CassandraServerProfileServiceImplTest" time="0.02"/>
  <testcase name="testFindServerProfileSchema" classname="org.kaaproject.kaa.server.common.dao.service.CassandraServerProfileServiceImplTest" time="0.036"/>
  <testcase name="testFindLatestServerProfileSchema" classname="org.kaaproject.kaa.server.common.dao.service.CassandraServerProfileServiceImplTest" time="0.028"/>
  <testcase name="testSaveServerProfile" classname="org.kaaproject.kaa.server.common.dao.service.CassandraServerProfileServiceImplTest" time="0.175"/>
  <testcase name="testFindServerProfileSchemasByAppId" classname="org.kaaproject.kaa.server.common.dao.service.CassandraServerProfileServiceImplTest" time="0.084"/>
  <testcase name="testRemoveServerProfileSchemaById" classname="org.kaaproject.kaa.server.common.dao.service.CassandraServerProfileServiceImplTest" time="0.016"/>
  <testcase name="testRemoveServerProfileSchemaByAppId" classname="org.kaaproject.kaa.server.common.dao.service.CassandraServerProfileServiceImplTest" time="0.09"/>
  <testcase name="testFindServerProfileSchemaByKeyHash" classname="org.kaaproject.kaa.server.common.dao.service.CassandraServerProfileServiceImplTest" time="0">
    <skipped message="generateEndpointProfileDtoWithSchemaVersion() updates profile, but it shouldn&apos;t have existed by the moment, so save must have have been invoked"/>
  </testcase>
  <testcase name="findTopicsByAppIdAndTypeTest" classname="org.kaaproject.kaa.server.common.dao.service.CassandraTopicServiceImplTest" time="0.03"/>
  <testcase name="saveTopicTest" classname="org.kaaproject.kaa.server.common.dao.service.CassandraTopicServiceImplTest" time="0.019"/>
  <testcase name="findTopicsByAppIdTest" classname="org.kaaproject.kaa.server.common.dao.service.CassandraTopicServiceImplTest" time="0.017"/>
  <testcase name="removeTopicsByAppIdTest" classname="org.kaaproject.kaa.server.common.dao.service.CassandraTopicServiceImplTest" time="0.017"/>
  <testcase name="removeTopicByIdAddedToGroupTest" classname="org.kaaproject.kaa.server.common.dao.service.CassandraTopicServiceImplTest" time="0.16"/>
  <testcase name="findTopicByIdTest" classname="org.kaaproject.kaa.server.common.dao.service.CassandraTopicServiceImplTest" time="0.019"/>
  <testcase name="testFindTopicsByEndpointGroupId" classname="org.kaaproject.kaa.server.common.dao.service.CassandraTopicServiceImplTest" time="0.018"/>
  <testcase name="removeTopicByIdTest" classname="org.kaaproject.kaa.server.common.dao.service.CassandraTopicServiceImplTest" time="0.027"/>
  <testcase name="testFindVacantTopicsByEndpointGroupId" classname="org.kaaproject.kaa.server.common.dao.service.CassandraTopicServiceImplTest" time="0.02"/>
  <testcase name="findUserConfigurationByExternalUIdAndAppTokenAndSchemaVersionTest" classname="org.kaaproject.kaa.server.common.dao.service.CassandraUserConfigurationServiceImplTest" time="0.186"/>
  <testcase name="saveUserConfigBlankTest" classname="org.kaaproject.kaa.server.common.dao.service.CassandraUserConfigurationServiceImplTest" time="0.04"/>
  <testcase name="userConfigNullTest" classname="org.kaaproject.kaa.server.common.dao.service.CassandraUserConfigurationServiceImplTest" time="0.001"/>
  <testcase name="findUserConfigurationByUserIdAndAppTokenAndSchemaVersionTest" classname="org.kaaproject.kaa.server.common.dao.service.CassandraUserConfigurationServiceImplTest" time="0.113"/>
  <testcase name="userConfigNotNullTest" classname="org.kaaproject.kaa.server.common.dao.service.CassandraUserConfigurationServiceImplTest" time="0.054"/>
  <testcase name="findUserConfigurationByUserIdTest" classname="org.kaaproject.kaa.server.common.dao.service.CassandraUserConfigurationServiceImplTest" time="0.11"/>
  <testcase name="saveUserConfigurationTest" classname="org.kaaproject.kaa.server.common.dao.service.CassandraUserConfigurationServiceImplTest" time="0.045"/>
  <testcase name="removeByUserIdAndAppTokenAndSchemaVersionTest" classname="org.kaaproject.kaa.server.common.dao.service.CassandraUserConfigurationServiceImplTest" time="0.09"/>
  <testcase name="appDtoNullTest" classname="org.kaaproject.kaa.server.common.dao.service.CassandraUserConfigurationServiceImplTest" time="0.019"/>
  <testcase name="findUserConfigurationByExternalUIdAndAppTokenAndSchemaVersionNullTest" classname="org.kaaproject.kaa.server.common.dao.service.CassandraUserConfigurationServiceImplTest" time="0.056"/>
  <testcase name="findUserByExternalUidTest" classname="org.kaaproject.kaa.server.common.dao.service.CassandraUserServiceImplTest" time="0.006"/>
  <testcase name="removeTenantAdminByIdTest" classname="org.kaaproject.kaa.server.common.dao.service.CassandraUserServiceImplTest" time="0.004"/>
  <testcase name="removeUserByIdTest" classname="org.kaaproject.kaa.server.common.dao.service.CassandraUserServiceImplTest" time="0.003"/>
  <testcase name="removeTenantByIdTest" classname="org.kaaproject.kaa.server.common.dao.service.CassandraUserServiceImplTest" time="0.002"/>
  <testcase name="findTenantByNameTest" classname="org.kaaproject.kaa.server.common.dao.service.CassandraUserServiceImplTest" time="0.003"/>
  <testcase name="findTenantAdminByIdTest" classname="org.kaaproject.kaa.server.common.dao.service.CassandraUserServiceImplTest" time="0.003"/>
  <testcase name="saveUserTest" classname="org.kaaproject.kaa.server.common.dao.service.CassandraUserServiceImplTest" time="0.002"/>
  <testcase name="findAllTenantUsersTest" classname="org.kaaproject.kaa.server.common.dao.service.CassandraUserServiceImplTest" time="0.005"/>
  <testcase name="saveTenantTest" classname="org.kaaproject.kaa.server.common.dao.service.CassandraUserServiceImplTest" time="0.002"/>
  <testcase name="findAllUsersTest" classname="org.kaaproject.kaa.server.common.dao.service.CassandraUserServiceImplTest" time="0.006"/>
  <testcase name="findAllTenantsTest" classname="org.kaaproject.kaa.server.common.dao.service.CassandraUserServiceImplTest" time="0.003"/>
  <testcase name="testRemoveAllCredentials" classname="org.kaaproject.kaa.server.common.nosql.cassandra.dao.CredentialsCassandraDaoTest" time="0.93"/>
  <testcase name="testRemoveCredentials" classname="org.kaaproject.kaa.server.common.nosql.cassandra.dao.CredentialsCassandraDaoTest" time="0.009"/>
  <testcase name="testUpdateStatus" classname="org.kaaproject.kaa.server.common.nosql.cassandra.dao.CredentialsCassandraDaoTest" time="0.009"/>
  <testcase name="testFindCredentialsById" classname="org.kaaproject.kaa.server.common.nosql.cassandra.dao.CredentialsCassandraDaoTest" time="0.006"/>
  <testcase name="testFindByIdNullKey" classname="org.kaaproject.kaa.server.common.nosql.cassandra.dao.EndpointConfigurationCassandraDaoTest" time="0"/>
  <testcase name="testFindByHash" classname="org.kaaproject.kaa.server.common.nosql.cassandra.dao.EndpointConfigurationCassandraDaoTest" time="0.171"/>
  <testcase name="testRemoveByHash" classname="org.kaaproject.kaa.server.common.nosql.cassandra.dao.EndpointConfigurationCassandraDaoTest" time="0.018"/>
  <testcase name="testFindById" classname="org.kaaproject.kaa.server.common.nosql.cassandra.dao.EndpointConfigurationCassandraDaoTest" time="0.016"/>
  <testcase name="testRemoveById" classname="org.kaaproject.kaa.server.common.nosql.cassandra.dao.EndpointConfigurationCassandraDaoTest" time="0.017"/>
  <testcase name="testRemoveByIdNullKey" classname="org.kaaproject.kaa.server.common.nosql.cassandra.dao.EndpointConfigurationCassandraDaoTest" time="0.013"/>
  <testcase name="testRemoveNotificationsByAppId" classname="org.kaaproject.kaa.server.common.nosql.cassandra.dao.EndpointNotificationCassandraDaoTest" time="0.159"/>
  <testcase name="testSave" classname="org.kaaproject.kaa.server.common.nosql.cassandra.dao.EndpointNotificationCassandraDaoTest" time="0.024"/>
  <testcase name="testBytesToStringConversation" classname="org.kaaproject.kaa.server.common.nosql.cassandra.dao.EndpointNotificationCassandraDaoTest" time="0"/>
  <testcase name="testFindNotificationsByKeyHash" classname="org.kaaproject.kaa.server.common.nosql.cassandra.dao.EndpointNotificationCassandraDaoTest" time="0.047"/>
  <testcase name="testFindById" classname="org.kaaproject.kaa.server.common.nosql.cassandra.dao.EndpointNotificationCassandraDaoTest" time="0.026"/>
  <testcase name="testDtoConversation" classname="org.kaaproject.kaa.server.common.nosql.cassandra.dao.EndpointNotificationCassandraDaoTest" time="0.02"/>
  <testcase name="testRemoveNotificationsByKeyHash" classname="org.kaaproject.kaa.server.common.nosql.cassandra.dao.EndpointNotificationCassandraDaoTest" time="0.013"/>
  <testcase name="testRemoveByKeyHash" classname="org.kaaproject.kaa.server.common.nosql.cassandra.dao.EndpointProfileCassandraDaoTest" time="0.109"/>
  <testcase name="testFindByIdNullKey" classname="org.kaaproject.kaa.server.common.nosql.cassandra.dao.EndpointProfileCassandraDaoTest" time="0.016"/>
  <testcase name="testFindByKeyHash" classname="org.kaaproject.kaa.server.common.nosql.cassandra.dao.EndpointProfileCassandraDaoTest" time="0.02"/>
  <testcase name="testFindEndpointIdByKeyHash" classname="org.kaaproject.kaa.server.common.nosql.cassandra.dao.EndpointProfileCassandraDaoTest" time="0.021"/>
  <testcase name="testSave" classname="org.kaaproject.kaa.server.common.nosql.cassandra.dao.EndpointProfileCassandraDaoTest" time="0.021"/>
  <testcase name="testFindBodyByEndpointGroupIdWithNfGroupState" classname="org.kaaproject.kaa.server.common.nosql.cassandra.dao.EndpointProfileCassandraDaoTest" time="0.111"/>
  <testcase name="testOptimisticLockWithConcurrency" classname="org.kaaproject.kaa.server.common.nosql.cassandra.dao.EndpointProfileCassandraDaoTest" time="0.148"/>
  <testcase name="testFindBodyByKeyHash" classname="org.kaaproject.kaa.server.common.nosql.cassandra.dao.EndpointProfileCassandraDaoTest" time="0.078"/>
  <testcase name="testFindByEndpointGroupIdWithNfGroupState" classname="org.kaaproject.kaa.server.common.nosql.cassandra.dao.EndpointProfileCassandraDaoTest" time="0.022"/>
  <testcase name="testFindById" classname="org.kaaproject.kaa.server.common.nosql.cassandra.dao.EndpointProfileCassandraDaoTest" time="0.013"/>
  <testcase name="testCheckSdkToken" classname="org.kaaproject.kaa.server.common.nosql.cassandra.dao.EndpointProfileCassandraDaoTest" time="0.02"/>
  <testcase name="testRemoveById" classname="org.kaaproject.kaa.server.common.nosql.cassandra.dao.EndpointProfileCassandraDaoTest" time="0.029"/>
  <testcase name="testRemoveByIdNullKey" classname="org.kaaproject.kaa.server.common.nosql.cassandra.dao.EndpointProfileCassandraDaoTest" time="0.02"/>
  <testcase name="testFindByAccessToken" classname="org.kaaproject.kaa.server.common.nosql.cassandra.dao.EndpointProfileCassandraDaoTest" time="0.025"/>
  <testcase name="testFindByEndpointUserId" classname="org.kaaproject.kaa.server.common.nosql.cassandra.dao.EndpointProfileCassandraDaoTest" time="0.035"/>
  <testcase name="testFindBodyByEndpointGroupId" classname="org.kaaproject.kaa.server.common.nosql.cassandra.dao.EndpointProfileCassandraDaoTest" time="0.105"/>
  <testcase name="testUpdate" classname="org.kaaproject.kaa.server.common.nosql.cassandra.dao.EndpointProfileCassandraDaoTest" time="0.057"/>
  <testcase name="testFindByEndpointGroupId" classname="org.kaaproject.kaa.server.common.nosql.cassandra.dao.EndpointProfileCassandraDaoTest" time="0.101"/>
  <testcase name="testRemoveByEndpointId" classname="org.kaaproject.kaa.server.common.nosql.cassandra.dao.EndpointRegistrationCassandraDaoTest" time="0.086"/>
  <testcase name="testFindByCredentialsId" classname="org.kaaproject.kaa.server.common.nosql.cassandra.dao.EndpointRegistrationCassandraDaoTest" time="0.01"/>
  <testcase name="testFindByEndpointId" classname="org.kaaproject.kaa.server.common.nosql.cassandra.dao.EndpointRegistrationCassandraDaoTest" time="0.011"/>
  <testcase name="testSave" classname="org.kaaproject.kaa.server.common.nosql.cassandra.dao.EndpointUserCassandraDaoTest" time="0.071"/>
  <testcase name="testFindByExternalIdAndTenantId" classname="org.kaaproject.kaa.server.common.nosql.cassandra.dao.EndpointUserCassandraDaoTest" time="0.016"/>
  <testcase name="testCheckAccessToken" classname="org.kaaproject.kaa.server.common.nosql.cassandra.dao.EndpointUserCassandraDaoTest" time="0.023"/>
  <testcase name="testRemoveByExternalIdAndTenantId" classname="org.kaaproject.kaa.server.common.nosql.cassandra.dao.EndpointUserCassandraDaoTest" time="0.02"/>
  <testcase name="testGenerateAccessToken" classname="org.kaaproject.kaa.server.common.nosql.cassandra.dao.EndpointUserCassandraDaoTest" time="0.018"/>
  <testcase name="testToDto" classname="org.kaaproject.kaa.server.common.nosql.cassandra.dao.NotificationCassandraDaoTest" time="0.07"/>
  <testcase name="testSave" classname="org.kaaproject.kaa.server.common.nosql.cassandra.dao.NotificationCassandraDaoTest" time="0.006"/>
  <testcase name="testFindNotificationsByTopicId" classname="org.kaaproject.kaa.server.common.nosql.cassandra.dao.NotificationCassandraDaoTest" time="0.015"/>
  <testcase name="testRemoveById" classname="org.kaaproject.kaa.server.common.nosql.cassandra.dao.NotificationCassandraDaoTest" time="0.009"/>
  <testcase name="testFindNotificationsByTopicIdAndVersionAndStartSecNum" classname="org.kaaproject.kaa.server.common.nosql.cassandra.dao.NotificationCassandraDaoTest" time="0.03"/>
  <testcase name="testRemoveNotificationsByTopicId" classname="org.kaaproject.kaa.server.common.nosql.cassandra.dao.NotificationCassandraDaoTest" time="0.016"/>
  <testcase name="testFindByHash" classname="org.kaaproject.kaa.server.common.nosql.cassandra.dao.TopicListEntryCassandraDaoTest" time="0.062"/>
  <testcase name="hashCodeEqualsTest" classname="org.kaaproject.kaa.server.common.nosql.cassandra.dao.model.CassandraEndpointConfigurationTest" time="0.616"/>
  <testcase name="EndpointStateTest" classname="org.kaaproject.kaa.server.common.nosql.cassandra.dao.model.CassandraEndpointGroupStateTest" time="0"/>
  <testcase name="hashCodeEqualsTest" classname="org.kaaproject.kaa.server.common.nosql.cassandra.dao.model.CassandraEndpointGroupStateTest" time="0.046"/>
  <testcase name="hashCodeEqualsTest" classname="org.kaaproject.kaa.server.common.nosql.cassandra.dao.model.CassandraEndpointNotificationTest" time="0.186"/>
  <testcase name="hashCodeEqualsTest" classname="org.kaaproject.kaa.server.common.nosql.cassandra.dao.model.CassandraEndpointProfileTest" time="0.989"/>
  <testcase name="dataConversionTest" classname="org.kaaproject.kaa.server.common.nosql.cassandra.dao.model.CassandraEndpointRegistrationTest" time="0"/>
  <testcase name="equalsVerifierTest" classname="org.kaaproject.kaa.server.common.nosql.cassandra.dao.model.CassandraEndpointRegistrationTest" time="0.094"/>
  <testcase name="hashCodeEqualsTest" classname="org.kaaproject.kaa.server.common.nosql.cassandra.dao.model.CassandraEndpointUserTest" time="0.082"/>
  <testcase name="basicTest" classname="org.kaaproject.kaa.server.common.nosql.cassandra.dao.model.CassandraEventClassFamilyVersionStateTest" time="0"/>
  <testcase name="hashCodeEqualsTest" classname="org.kaaproject.kaa.server.common.nosql.cassandra.dao.model.CassandraEventClassFamilyVersionStateTest" time="0.024"/>
  <testcase name="hashCodeEqualsTest" classname="org.kaaproject.kaa.server.common.nosql.cassandra.dao.model.CassandraNotificationTest" time="0.159"/>
</testsuite>