<?xml version="1.0" encoding="UTF-8"?>
<testsuite name="org.kaaproject.kaa.server.bootstrap.service.transport.BootstrapTransportServiceTest" time="2.64" tests="1" errors="0" skipped="0" failures="1">
  <properties>
[...]
</properties>
  <testcase name="messageHandlerProcessTest" classname="org.kaaproject.kaa.server.bootstrap.service.transport.BootstrapTransportServiceTest" time="2.64">
    <failure message="&#10;Wanted but not invoked:&#10;sessionInitMessage.getEncodedMessageData();&#10;-&gt; at org.kaaproject.kaa.server.bootstrap.service.transport.BootstrapTransportServiceTest.messageHandlerProcessTest(BootstrapTransportServiceTest.java:71)&#10;Actually, there were zero interactions with this mock.&#10;" type="org.mockito.exceptions.verification.WantedButNotInvoked">org.mockito.exceptions.verification.WantedButNotInvoked: 
Wanted but not invoked:
sessionInitMessage.getEncodedMessageData();
-> at org.kaaproject.kaa.server.bootstrap.service.transport.BootstrapTransportServiceTest.messageHandlerProcessTest(BootstrapTransportServiceTest.java:71)
Actually, there were zero interactions with this mock.

	at org.kaaproject.kaa.server.bootstrap.service.transport.BootstrapTransportServiceTest.messageHandlerProcessTest(BootstrapTransportServiceTest.java:71)
</failure>
    <system-out><![CDATA[2019-11-12 17:33:08,745 [main] INFO  o.k.k.s.b.s.t.BootstrapTransportService - Lookup platform protocols
2019-11-12 17:33:10,095 [main] INFO  o.k.k.s.b.s.t.BootstrapTransportService - Initializing message handler with 1 worker threads
2019-11-12 17:33:10,098 [main] INFO  o.k.k.s.t.AbstractTransportService - Lookup of available transport configurations started in package org.kaaproject.kaa.server.transport.
2019-11-12 17:33:10,119 [main] INFO  o.k.k.s.t.AbstractTransportService - Found transport configuration org.kaaproject.kaa.server.transport.http.config.HttpTransportConfig
2019-11-12 17:33:10,122 [main] INFO  o.k.k.s.t.AbstractTransportService - Found transport configuration org.kaaproject.kaa.server.transport.tcp.config.TcpTransportConfig
2019-11-12 17:33:10,124 [main] INFO  o.k.k.s.t.AbstractTransportService - Lookup of available transport configurations found 2 configurations.
2019-11-12 17:33:10,124 [main] INFO  o.k.k.s.t.AbstractTransportService - Lookup of transport properties started
2019-11-12 17:33:10,125 [main] INFO  o.k.k.s.t.AbstractTransportService - Lookup of transport properties found 0 properties
2019-11-12 17:33:10,125 [main] INFO  o.k.k.s.t.AbstractTransportService - Initializing transport with name org.kaaproject.kaa.server.transport.http and class org.kaaproject.kaa.server.transports.http.transport.HttpTransport
2019-11-12 17:33:10,130 [main] INFO  o.k.k.s.t.AbstractTransportService - Lookup of transport configuration file bootstrap-http-transport.config
2019-11-12 17:33:10,156 [main] INFO  o.k.k.s.t.AbstractTransportService - Lookup of transport configuration file bootstrap-http-transport.config
2019-11-12 17:33:10,163 [main] INFO  o.k.k.s.t.AbstractKaaTransport - Initializing transport org.kaaproject.kaa.server.transports.http.transport.HttpTransport with {"bindInterface": "${transport_bind_interface}", "bindPort": 9889, "publicInterface": "${transport_public_interface}", "publicPorts": "9889", "maxBodySize": 524288}
2019-11-12 17:33:10,184 [main] INFO  o.k.k.s.t.AbstractKaaTransport - Transport org.kaaproject.kaa.server.transports.http.transport.HttpTransport initialized with {"bindInterface": "localhost", "bindPort": 9889, "publicInterface": "localhost", "publicPorts": "9889", "maxBodySize": 524288}
2019-11-12 17:33:10,185 [main] INFO  o.k.k.s.t.AbstractTransportService - Initializing transport with name org.kaaproject.kaa.server.transport.tcp and class org.kaaproject.kaa.server.transports.tcp.transport.TcpTransport
2019-11-12 17:33:10,187 [main] INFO  o.k.k.s.t.AbstractTransportService - Lookup of transport configuration file bootstrap-tcp-transport.config
2019-11-12 17:33:10,190 [main] INFO  o.k.k.s.t.AbstractTransportService - Lookup of transport configuration file bootstrap-tcp-transport.config
2019-11-12 17:33:10,190 [main] INFO  o.k.k.s.t.AbstractKaaTransport - Initializing transport org.kaaproject.kaa.server.transports.tcp.transport.TcpTransport with {"bindInterface": "${transport_bind_interface}", "bindPort": 9888, "publicInterface": "${transport_public_interface}", "publicPorts": "9888"}
2019-11-12 17:33:10,192 [main] INFO  o.k.k.s.t.AbstractKaaTransport - Transport org.kaaproject.kaa.server.transports.tcp.transport.TcpTransport initialized with {"bindInterface": "localhost", "bindPort": 9888, "publicInterface": "localhost", "publicPorts": "9888"}
2019-11-12 17:33:10,208 [pool-1-thread-1] TRACE o.k.k.c.e.s.MessageEncoderDecoder - Creating MessageEncoderDecoder with
PublicKey 30 82 01 22 30 0D 06 09 2A 86 48 86 F7 0D 01 01 01 05 00 03 82 01 0F 00 30 82 01 0A 02 82 01 01 00 AC 82 F7 AB A3 12 DE 01 63 94 67 49 5B A1 31 B0 55 3B 5E C8 1F E6 32 58 56 FB 4F A4 2D 81 96 F1 CB 71 C0 AB B7 A9 86 8A 3A 50 92 94 B5 9E B8 CE 1C AA E4 40 23 27 19 D9 B6 AC D3 7C 79 37 06 F9 D7 5F 00 55 2D 3F A8 0D A2 AD B8 BE 6B C2 20 35 56 EE 1A CF AA 8A B5 CD 13 2C 21 4E AD 9F 81 12 5E F6 3E 32 7F E8 02 8F 4E 00 DD 2D F0 12 86 B1 7F 5B 05 9F 22 18 3C 75 9E 7B 8E C4 04 E8 6C 00 FD CD 75 27 77 BF 6D 17 78 B3 26 AC 32 6A E3 B7 CF AA 68 14 5C 09 BA A6 B9 74 19 F9 6E 1C 3A 2D 61 F8 07 80 E1 96 3D DB 74 D3 C3 72 37 75 CF 61 BB 05 63 BA C2 C7 9F EE 56 A1 C3 26 00 23 6E F2 47 FE 2B 51 46 7E 21 73 48 FB DB 16 5A 72 E0 3F 04 48 3D F9 5B 35 0A CB 4E 37 05 44 D6 59 CA E6 F6 82 D8 22 0B 69 93 49 EA 20 6B 6B 91 80 D1 0F 25 4B 5E E8 78 A0 E5 C6 48 D3 08 ED 08 AE 77 D5 02 03 01 00 01 ;
RemotePublicKey empty
2019-11-12 17:33:10,211 [pool-1-thread-1] INFO  o.k.k.s.sync.platform.PlatformLookup - Successfully initialized platform protocol org.kaaproject.kaa.server.sync.platform.BinaryEncDec
2019-11-12 17:33:10,225 [pool-1-thread-1] INFO  o.k.k.s.sync.platform.PlatformLookup - Successfully initialized platform protocol org.kaaproject.kaa.server.sync.platform.RawConfigurationSchemaAvroEncDec
2019-11-12 17:33:10,226 [pool-1-thread-1] INFO  o.k.k.s.sync.platform.PlatformLookup - Successfully initialized platform protocol org.kaaproject.kaa.server.sync.platform.RawConfigurationSchemaBinaryEncDec
2019-11-12 17:33:10,226 [pool-1-thread-1] INFO  o.k.k.s.sync.platform.PlatformLookup - Successfully initialized platform protocol org.kaaproject.kaa.server.sync.platform.AvroEncDec
]]></system-out>
  </testcase>
</testsuite>