<?xml version="1.0" encoding="UTF-8"?>
<testsuite name="org.kaaproject.kaa.server.common.nosql.mongo.dao.EndpointUserConfigurationMongoDaoTest" time="0.734" tests="4" errors="0" skipped="1" failures="0">
  <properties>
[...]
</properties>
  <testcase name="findByUserIdTest" classname="org.kaaproject.kaa.server.common.nosql.mongo.dao.EndpointUserConfigurationMongoDaoTest" time="0">
    <skipped message="invalid"/>
    <system-out><![CDATA[Tue Nov 12 17:29:10.140 [initandlisten] connection accepted from 127.0.0.1:50378 #9 (9 connections now open)
[mongod output] Tue Nov 12 17:29:10.147 [conn9] terminating, shutdown command received
[mongod output] Tue Nov 12 17:29:10.147 dbexit: shutdown called
[mongod output] Tue Nov 12 17:29:10.147 [conn9] shutdown: going to close listening sockets...
[mongod output] Tue Nov 12 17:29:10.147 [conn9] closing listening socket: 588
[mongod output] Tue Nov 12 17:29:10.147 [conn9] shutdown: going to flush diaglog...
[mongod output] Tue Nov 12 17:29:10.147 [conn9] shutdown: going to close sockets...
[mongod output] Tue Nov 12 17:29:10.147 [conn9] shutdown: waiting for fs preallocator...
[mongod output] Tue Nov 12 17:29:10.147 [conn9] shutdown: closing all files...
[mongod output] Tue Nov 12 17:29:10.148 [conn7] end connection 127.0.0.1:50376 (8 connections now open)
[mongod output] Tue Nov 12 17:29:10.148 [conn5] end connection 127.0.0.1:50375 (8 connections now open)
[mongod output] Tue Nov 12 17:29:10.148 [conn4] end connection 127.0.0.1:50374 (8 connections now open)
[mongod output] Tue Nov 12 17:29:10.148 [conn6] end connection 127.0.0.1:50370 (8 connections now open)
[mongod output] Tue Nov 12 17:29:10.148 [conn8] end connection 127.0.0.1:50377 (8 connections now open)
[mongod output] Tue Nov 12 17:29:10.148 [conn1] end connection 127.0.0.1:50371 (8 connections now open)
[mongod output] Tue Nov 12 17:29:10.149 [conn2] end connection 127.0.0.1:50368 (5 connections now open)
[mongod output] Tue Nov 12 17:29:10.149 [conn3] end connection 127.0.0.1:50372 (5 connections now open)
[mongod output] Tue Nov 12 17:29:10.150 [conn9] closeAllFiles() finished
[mongod output] Tue Nov 12 17:29:10.150 [conn9] shutdown: removing fs lock...
[mongod output] Tue Nov 12 17:29:10.150 dbexit: really exiting now
[mongod output] 
2019-11-12 17:29:10,272 [main] INFO  o.s.c.s.GenericApplicationContext - Closing org.springframework.context.support.GenericApplicationContext@71156a01: startup date [Tue Nov 12 17:29:09 KST 2019]; root of context hierarchy
2019-11-12 17:29:10,277 [main] INFO  o.s.t.c.s.DefaultTestContextBootstrapper - Loaded default TestExecutionListener class names from location [META-INF/spring.factories]: [org.springframework.test.context.web.ServletTestExecutionListener, org.springframework.test.context.support.DirtiesContextBeforeModesTestExecutionListener, org.springframework.test.context.support.DependencyInjectionTestExecutionListener, org.springframework.test.context.support.DirtiesContextTestExecutionListener, org.springframework.test.context.transaction.TransactionalTestExecutionListener, org.springframework.test.context.jdbc.SqlScriptsTestExecutionListener]
2019-11-12 17:29:10,277 [main] INFO  o.s.t.c.s.DefaultTestContextBootstrapper - Could not instantiate TestExecutionListener [org.springframework.test.context.web.ServletTestExecutionListener]. Specify custom listener classes or make the default listener classes (and their required dependencies) available. Offending class: [javax/servlet/ServletContext]
2019-11-12 17:29:10,277 [main] INFO  o.s.t.c.s.DefaultTestContextBootstrapper - Using TestExecutionListeners: [org.springframework.test.context.support.DirtiesContextBeforeModesTestExecutionListener@24d17fa2, org.springframework.test.context.support.DependencyInjectionTestExecutionListener@446a1378, org.springframework.test.context.support.DirtiesContextTestExecutionListener@18853777, org.springframework.test.context.transaction.TransactionalTestExecutionListener@6707b31e, org.springframework.test.context.jdbc.SqlScriptsTestExecutionListener@4804ec33]
Extract C:\Users\hjlee\.embedmongo\win32\mongodb-win32-x86_64-2.4.9.zip START
Extract C:\Users\hjlee\.embedmongo\win32\mongodb-win32-x86_64-2.4.9.zip DONE
[mongod output]note: noprealloc may hurt performance in many applications
[mongod output] Tue Nov 12 17:29:11.079 [DataFileSync] warning: --syncdelay 0 is not recommended and can have strange performance
[mongod output] Tue Nov 12 17:29:11.090 [initandlisten] MongoDB starting : pid=11828 port=27717 dbpath=C:\Users\hjlee\AppData\Local\Temp\embedmongo-db-671df22c-8c7f-4f9f-ac78-139ff29eb894 64-bit host=POPUP-GCAMP-PC
[mongod output] Tue Nov 12 17:29:11.090 [initandlisten] db version v2.4.9
[mongod output] Tue Nov 12 17:29:11.090 [initandlisten] git version: 52fe0d21959e32a5bdbecdc62057db386e4e029c
[mongod output] Tue Nov 12 17:29:11.090 [initandlisten] build info: windows sys.getwindowsversion(major=6, minor=1, build=7601, platform=2, service_pack='Service Pack 1') BOOST_LIB_VERSION=1_49
[mongod output] Tue Nov 12 17:29:11.090 [initandlisten] allocator: system
[mongod output] Tue Nov 12 17:29:11.090 [initandlisten] options: { dbpath: "C:\Users\hjlee\AppData\Local\Temp\embedmongo-db-671df22c-8c7f-4f9f-ac78-139ff29eb894", noauth: true, nohttpinterface: true, nojournal: true, noprealloc: true, port: 27717, smallfiles: true, syncdelay: 0.0 }
[mongod output] Tue Nov 12 17:29:11.101 [FileAllocator] allocating new datafile C:\Users\hjlee\AppData\Local\Temp\embedmongo-db-671df22c-8c7f-4f9f-ac78-139ff29eb894\local.ns, filling with zeroes...
[mongod output] Tue Nov 12 17:29:11.102 [FileAllocator] creating directory C:\Users\hjlee\AppData\Local\Temp\embedmongo-db-671df22c-8c7f-4f9f-ac78-139ff29eb894\_tmp
[mongod output] Tue Nov 12 17:29:11.166 [FileAllocator] done allocating datafile C:\Users\hjlee\AppData\Local\Temp\embedmongo-db-671df22c-8c7f-4f9f-ac78-139ff29eb894\local.ns, size: 16MB,  took 0.062 secs
[mongod output] Tue Nov 12 17:29:11.167 [FileAllocator] allocating new datafile C:\Users\hjlee\AppData\Local\Temp\embedmongo-db-671df22c-8c7f-4f9f-ac78-139ff29eb894\local.0, filling with zeroes...
[mongod output] Tue Nov 12 17:29:11.242 [FileAllocator] done allocating datafile C:\Users\hjlee\AppData\Local\Temp\embedmongo-db-671df22c-8c7f-4f9f-ac78-139ff29eb894\local.0, size: 16MB,  took 0.074 secs
[mongod output] Tue Nov 12 17:29:11.245 [initandlisten] command local.$cmd command: { create: "startup_log", size: 10485760, capped: true } ntoreturn:1 keyUpdates:0  reslen:37 144ms
[mongod output] Tue Nov 12 17:29:11.247 [initandlisten] waiting for connections on port 27717
[mongod output] ]]></system-out>
    <system-err><![CDATA[11월 12, 2019 5:29:10 오후 de.flapdoodle.embed.mongo.AbstractMongoProcess stopInternal
정보: try to stop mongod
11월 12, 2019 5:29:10 오후 de.flapdoodle.embed.process.io.file.Files forceDelete
정보: Could delete C:\Users\hjlee\AppData\Local\Temp\embedmongo-db-97e2a0b7-42ca-4442-ab60-f38203ff88fc
11월 12, 2019 5:29:10 오후 de.flapdoodle.embed.process.io.file.Files forceDelete
정보: Could delete C:\Users\hjlee\AppData\Local\Temp\extract-1065fdfd-2bed-4417-bbb2-eafe828878f3mongod.pid
11월 12, 2019 5:29:11 오후 de.flapdoodle.embed.process.io.file.Files forceDelete
정보: Could delete C:\Users\hjlee\AppData\Local\Temp\extract-9aefe8b9-38ca-49af-8dad-286c04bc0fb6mongod.exe
11월 12, 2019 5:29:11 오후 MongodExecutable start
정보: de.flapdoodle.embed.mongo.config.MongodConfigBuilder$ImmutableMongodConfig@14316711
]]></system-err>
  </testcase>
  <testcase name="removeByUserIdAndAppTokenAndSchemaVersionTest" classname="org.kaaproject.kaa.server.common.nosql.mongo.dao.EndpointUserConfigurationMongoDaoTest" time="0.268"/>
  <testcase name="findByUserIdAndAppTokenAndSchemaVersionTest" classname="org.kaaproject.kaa.server.common.nosql.mongo.dao.EndpointUserConfigurationMongoDaoTest" time="0.236"/>
  <testcase name="saveEndpointUserConfigurationDtoTest" classname="org.kaaproject.kaa.server.common.nosql.mongo.dao.EndpointUserConfigurationMongoDaoTest" time="0.23"/>
</testsuite>